<?xml version="1.0" encoding="utf-8"?><testsuites name="pytest tests"><testsuite name="pytest" errors="0" failures="0" skipped="0" tests="31" time="0.237" timestamp="2026-03-23T04:04:10.795269+00:00" hostname="Justins-MacBook-Air-2.local"><testcase classname="tests.test_chatbot_api.TestChatView" name="test_chat_requires_message" time="0.020" /><testcase classname="tests.test_chatbot_api.TestChatView" name="test_chat_rejects_invalid_language" time="0.002" /><testcase classname="tests.test_chatbot_api.TestChatView" name="test_chat_rejects_invalid_conversation_id" time="0.001" /><testcase classname="tests.test_chatbot_api.TestChatView" name="test_chat_requires_ai_consent" time="0.001" /><testcase classname="tests.test_chatbot_api.TestChatView" name="test_chat_filters_prohibited_content_and_saves_interactions" time="0.002" /><testcase classname="tests.test_chatbot_api.TestChatView" name="test_chat_returns_503_when_llm_unavailable" time="0.002" /><testcase classname="tests.test_chatbot_api.TestChatView" name="test_chat_returns_500_when_llm_fails" time="0.001" /><testcase classname="tests.test_chatbot_api.TestChatView" name="test_chat_returns_500_on_empty_ai_response" time="0.002" /><testcase classname="tests.test_chatbot_api.TestChatView" name="test_chat_success_saves_user_and_assistant_messages" time="0.002" /><testcase classname="tests.test_chatbot_api.TestChatView" name="test_chat_generates_conversation_id_when_missing" time="0.001" /><testcase classname="tests.test_chatbot_api.TestChatView" name="test_chat_uses_contextual_prompt_when_needed" time="0.001" /><testcase classname="tests.test_chatbot_api.TestChatView" name="test_chat_uses_base_prompt_when_context_not_needed" time="0.002" /><testcase classname="tests.test_chatbot_api.TestStreamingChatView" name="test_streaming_chat_requires_message" time="0.001" /><testcase classname="tests.test_chatbot_api.TestStreamingChatView" name="test_streaming_chat_rejects_invalid_language" time="0.001" /><testcase classname="tests.test_chatbot_api.TestStreamingChatView" name="test_streaming_chat_rejects_invalid_conversation_id" time="0.001" /><testcase classname="tests.test_chatbot_api.TestStreamingChatView" name="test_streaming_chat_returns_filtered_sse_for_prohibited_content" time="0.001" /><testcase classname="tests.test_chatbot_api.TestStreamingChatView" name="test_streaming_chat_success_emits_events_and_persists" time="0.002" /><testcase classname="tests.test_chatbot_api.TestStreamingChatView" name="test_streaming_chat_returns_503_when_llm_unavailable" time="0.002" /><testcase classname="tests.test_chatbot_api.TestStreamingChatView" name="test_streaming_chat_emits_error_event_on_exception" time="0.001" /><testcase classname="tests.test_chatbot_api.TestChatHistoryView" name="test_history_get_returns_paginated_data" time="0.001" /><testcase classname="tests.test_chatbot_api.TestChatHistoryView" name="test_history_delete_clears_messages" time="0.001" /><testcase classname="tests.test_chatbot_api.TestChatHistoryView" name="test_history_requires_ai_consent" time="0.001" /><testcase classname="tests.test_chatbot_api.TestChatHistoryView" name="test_history_rejects_invalid_page" time="0.001" /><testcase classname="tests.test_chatbot_api.TestChatHistoryView" name="test_history_rejects_invalid_limit" time="0.001" /><testcase classname="tests.test_chatbot_api.TestChatHistoryView" name="test_history_search_filters_results" time="0.001" /><testcase classname="tests.test_chatbot_api.TestContentEndpoints" name="test_suggestions_cache_flow" time="0.004" /><testcase classname="tests.test_chatbot_api.TestContentEndpoints" name="test_suggestions_reject_invalid_language" time="0.001" /><testcase classname="tests.test_chatbot_api.TestContentEndpoints" name="test_suggestions_tagalog_language" time="0.001" /><testcase classname="tests.test_chatbot_api.TestContentEndpoints" name="test_ai_status_returns_provider_details" time="0.001" /><testcase classname="tests.test_chatbot_api.TestContentEndpoints" name="test_education_topics_cache_and_topic_lookup" time="0.003" /><testcase classname="tests.test_chatbot_api.TestContentEndpoints" name="test_faqs_cache_flow" time="0.002" /></testsuite></testsuites>